C:\Users\ranus\OneDrive\Documents\INVOLUTE.dwg,Layout2,27-09-2025 14:24:30,ranus,Microsoft Print to PDF,A4,1:1,
C:\Users\ranus\OneDrive\Documents\INVOLUTE.dwg,Layout1,27-09-2025 14:33:02,ranus,Microsoft Print to PDF,A4,1:1,
C:\Users\ranus\OneDrive\Documents\INVOLUTE.dwg,Layout2,27-09-2025 14:39:25,ranus,Microsoft Print to PDF,A4,1:1,
C:\Users\ranus\OneDrive\Documents\CYCLOID.dwg,Layout2,28-09-2025 14:08:53,ranus,Microsoft Print to PDF,A4,1:1,
C:\Users\ranus\OneDrive\Documents\CYCLOID.dwg,Layout1,28-09-2025 14:11:58,ranus,Microsoft Print to PDF,A4,1:1,
C:\Users\ranus\OneDrive\Documents\CYCLOID.dwg,Layout1,28-09-2025 14:14:31,ranus,Microsoft Print to PDF,A4,1:1,
C:\Users\ranus\OneDrive\Documents\CYCLOID.dwg,Layout1,28-09-2025 14:29:01,ranus,Microsoft Print to PDF,A4,1:1,
C:\Users\ranus\OneDrive\Documents\EPICYCLOID.dwg,Layout1,29-09-2025 18:18:29,ranus,Microsoft Print to PDF,A4,1:1,
C:\Users\ranus\OneDrive\Documents\Drawing1.dwg,Layout2,29-09-2025 19:10:37,ranus,Microsoft Print to PDF,A4,1:1,
C:\Users\ranus\OneDrive\Documents\Drawing1.dwg,Layout2,29-09-2025 19:13:08,ranus,Microsoft Print to PDF,A4,1:1,
C:\Users\ranus\OneDrive\Documents\Drawing1.dwg,Layout2,29-09-2025 19:14:28,ranus,Microsoft Print to PDF,A4,1:1,
C:\Users\ranus\OneDrive\Documents\Drawing1.dwg,Layout2,29-09-2025 20:30:23,ranus,Microsoft Print to PDF,A4,1:1,
C:\Users\ranus\OneDrive\Documents\Drawing1.dwg,Layout2,29-09-2025 20:31:29,ranus,Microsoft Print to PDF,A4,1:1,
C:\Users\ranus\OneDrive\Documents\Drawing1.dwg,Layout2,29-09-2025 20:32:24,ranus,Microsoft Print to PDF,A4,1:1,
C:\Users\ranus\OneDrive\Documents\CYCLOID.dwg,Layout1,02-10-2025 10:15:11,ranus,Microsoft Print to PDF,A4,1:1,
C:\Users\ranus\OneDrive\Documents\HYPOCYCLIOD.dwg,Layout2,12-10-2025 17:56:29,ranus,Microsoft Print to PDF,A4,1:1,
C:\Users\ranus\OneDrive\Documents\EPICYCLOID.dwg,Layout2,12-10-2025 18:00:32,ranus,Microsoft Print to PDF,A4,1:1,
C:\Users\ranus\OneDrive\Documents\INVOLUTE.dwg,Layout1,12-10-2025 18:03:05,ranus,Microsoft Print to PDF,A4,1:1,
C:\Users\ranus\OneDrive\Documents\PENTAGON INVOLUTE.dwg,Layout1,12-10-2025 18:49:01,ranus,Microsoft Print to PDF,A4,1:1,
C:\Users\ranus\OneDrive\Documents\CYCLOID.dwg,Layout1,05-11-2025 19:55:02,ranus,Microsoft Print to PDF,A4,1:1,
C:\Users\ranus\OneDrive\Documents\PENTAGON INVOLUTE.dwg,Layout1,05-11-2025 20:15:03,ranus,Microsoft Print to PDF,A4,1:1,
